<?xml version="1.0" encoding="UTF-8"?>
<!-- Generated by org.testng.reporters.JUnitReportReporter -->
<testsuite name="Test1" tests="1" time="4.209" ignored="0" failures="0" timestamp="03 Apr 2017 10:16:44 GMT" skipped="0" hostname="securifi-H81M-S" errors="0">
  <testcase name="openURL" time="4.209" classname="Test1"/>
</testsuite> <!-- Test1 -->
